app/build/intermediates/manifest_merge_blame_file/debug/processDebugMainManifest/manifest-merger-blame-debug-report.txt
1<?xml version="1.0" encoding="utf-8"?>
2<manifest xmlns:android="http://schemas.android.com/apk/res/android"
3    package="com.simats.harvesthaven"
4    android:versionCode="1"
5    android:versionName="1.0" >
6
7    <uses-sdk
8        android:minSdkVersion="21"
9        android:targetSdkVersion="34" />
10
11    <uses-permission android:name="android.permission.INTERNET" />
11-->src\main\AndroidManifest.xml:5:5-67
11-->src\main\AndroidManifest.xml:5:22-64
12    <uses-permission android:name="android. permission.GET_ACCOUNTS" />
12-->src\main\AndroidManifest.xml:6:5-72
12-->src\main\AndroidManifest.xml:6:22-69
13    <uses-permission android:name="android.permission.ACCESS_FINE_LOCATION" />
13-->src\main\AndroidManifest.xml:7:5-79
13-->src\main\AndroidManifest.xml:7:22-76
14    <uses-permission android:name="android.permission.ACCESS_COARSE_LOCATION" />
14-->src\main\AndroidManifest.xml:8:5-81
14-->src\main\AndroidManifest.xml:8:22-78
15
16    <!-- Include required permissions for Google Maps API to run. -->
17    <uses-permission android:name="android.permission.ACCESS_NETWORK_STATE" />
17-->[com.google.android.gms:play-services-maps:18.2.0] AndroidManifest.xml:23:5-79
17-->[com.google.android.gms:play-services-maps:18.2.0] AndroidManifest.xml:23:22-76
18
19    <uses-feature
19-->[com.google.android.gms:play-services-maps:18.2.0] AndroidManifest.xml:26:5-28:35
20        android:glEsVersion="0x00020000"
20-->[com.google.android.gms:play-services-maps:18.2.0] AndroidManifest.xml:27:9-41
21        android:required="true" />
21-->[com.google.android.gms:play-services-maps:18.2.0] AndroidManifest.xml:28:9-32
22
23    <queries>
23-->[com.google.android.gms:play-services-maps:18.2.0] AndroidManifest.xml:30:5-34:15
24
25        <!-- Needs to be explicitly declared on Android R+ -->
26        <package android:name="com.google.android.apps.maps" />
26-->[com.google.android.gms:play-services-maps:18.2.0] AndroidManifest.xml:33:9-64
26-->[com.google.android.gms:play-services-maps:18.2.0] AndroidManifest.xml:33:18-61
27    </queries>
28
29    <permission
29-->[androidx.core:core:1.12.0] AndroidManifest.xml:22:5-24:47
30        android:name="com.simats.harvesthaven.DYNAMIC_RECEIVER_NOT_EXPORTED_PERMISSION"
30-->[androidx.core:core:1.12.0] AndroidManifest.xml:23:9-81
31        android:protectionLevel="signature" />
31-->[androidx.core:core:1.12.0] AndroidManifest.xml:24:9-44
32
33    <uses-permission android:name="com.simats.harvesthaven.DYNAMIC_RECEIVER_NOT_EXPORTED_PERMISSION" />
33-->[androidx.core:core:1.12.0] AndroidManifest.xml:26:5-97
33-->[androidx.core:core:1.12.0] AndroidManifest.xml:26:22-94
34
35    <application
35-->src\main\AndroidManifest.xml:10:5-116:19
36        android:allowBackup="true"
36-->src\main\AndroidManifest.xml:11:9-35
37        android:appComponentFactory="androidx.core.app.CoreComponentFactory"
37-->[androidx.core:core:1.12.0] AndroidManifest.xml:28:18-86
38        android:dataExtractionRules="@xml/data_extraction_rules"
38-->src\main\AndroidManifest.xml:12:9-65
39        android:debuggable="true"
40        android:extractNativeLibs="true"
41        android:fullBackupContent="@xml/backup_rules"
41-->src\main\AndroidManifest.xml:13:9-54
42        android:icon="@mipmap/ic_launcher"
42-->src\main\AndroidManifest.xml:14:9-43
43        android:label="@string/app_name"
43-->src\main\AndroidManifest.xml:15:9-41
44        android:networkSecurityConfig="@xml/network_security_config"
44-->src\main\AndroidManifest.xml:19:9-69
45        android:roundIcon="@mipmap/ic_launcher_round"
45-->src\main\AndroidManifest.xml:16:9-54
46        android:supportsRtl="true"
46-->src\main\AndroidManifest.xml:17:9-35
47        android:testOnly="true"
48        android:theme="@style/Theme.HarvestHeaven" >
48-->src\main\AndroidManifest.xml:18:9-51
49        <meta-data
49-->src\main\AndroidManifest.xml:22:9-24:71
50            android:name="com.google.android.geo.API_KEY"
50-->src\main\AndroidManifest.xml:23:13-58
51            android:value="AIzaSyBw3uwRBpeX7V_9KI3kC-WbOp1KajZSpS8" />
51-->src\main\AndroidManifest.xml:24:13-68
52
53        <activity
53-->src\main\AndroidManifest.xml:26:9-33:20
54            android:name="com.simats.harvesthaven.WelcomeActivity"
54-->src\main\AndroidManifest.xml:27:13-67
55            android:exported="true" >
55-->src\main\AndroidManifest.xml:28:13-36
56            <intent-filter>
56-->src\main\AndroidManifest.xml:29:13-32:29
57                <action android:name="android.intent.action.MAIN" />
57-->src\main\AndroidManifest.xml:30:17-69
57-->src\main\AndroidManifest.xml:30:25-66
58
59                <category android:name="android.intent.category.LAUNCHER" />
59-->src\main\AndroidManifest.xml:31:17-77
59-->src\main\AndroidManifest.xml:31:27-74
60            </intent-filter>
61        </activity>
62        <activity
62-->src\main\AndroidManifest.xml:34:9-36:39
63            android:name="com.simats.harvesthaven.UserLoginAuthActivity"
63-->src\main\AndroidManifest.xml:35:13-73
64            android:exported="true" />
64-->src\main\AndroidManifest.xml:36:13-36
65        <activity
65-->src\main\AndroidManifest.xml:37:9-39:39
66            android:name="com.simats.harvesthaven.UserRegisterActivity"
66-->src\main\AndroidManifest.xml:38:13-72
67            android:exported="true" />
67-->src\main\AndroidManifest.xml:39:13-36
68        <activity
68-->src\main\AndroidManifest.xml:40:9-42:39
69            android:name="com.simats.harvesthaven.UserProfileActivity"
69-->src\main\AndroidManifest.xml:41:13-71
70            android:exported="true" />
70-->src\main\AndroidManifest.xml:42:13-36
71        <activity
71-->src\main\AndroidManifest.xml:43:9-45:39
72            android:name="com.simats.harvesthaven.UserHomeActivity"
72-->src\main\AndroidManifest.xml:44:13-68
73            android:exported="true" />
73-->src\main\AndroidManifest.xml:45:13-36
74        <activity
74-->src\main\AndroidManifest.xml:46:9-48:39
75            android:name="com.simats.harvesthaven.LandDocumentsActivity"
75-->src\main\AndroidManifest.xml:47:13-73
76            android:exported="true" />
76-->src\main\AndroidManifest.xml:48:13-36
77        <activity
77-->src\main\AndroidManifest.xml:49:9-51:39
78            android:name="com.simats.harvesthaven.OwnerLoginAuthActivity"
78-->src\main\AndroidManifest.xml:50:13-74
79            android:exported="true" />
79-->src\main\AndroidManifest.xml:51:13-36
80        <activity
80-->src\main\AndroidManifest.xml:52:9-54:39
81            android:name="com.simats.harvesthaven.OwnerRegisterActivity"
81-->src\main\AndroidManifest.xml:53:13-73
82            android:exported="true" />
82-->src\main\AndroidManifest.xml:54:13-36
83        <activity
83-->src\main\AndroidManifest.xml:55:9-57:39
84            android:name="com.simats.harvesthaven.OwnerHomepageActivity"
84-->src\main\AndroidManifest.xml:56:13-73
85            android:exported="true" />
85-->src\main\AndroidManifest.xml:57:13-36
86        <activity
86-->src\main\AndroidManifest.xml:58:9-60:39
87            android:name="com.simats.harvesthaven.OwnerProfileActivity"
87-->src\main\AndroidManifest.xml:59:13-72
88            android:exported="true" />
88-->src\main\AndroidManifest.xml:60:13-36
89        <activity
89-->src\main\AndroidManifest.xml:61:9-63:39
90            android:name="com.simats.harvesthaven.ForgotPasswordActivity"
90-->src\main\AndroidManifest.xml:62:13-74
91            android:exported="true" />
91-->src\main\AndroidManifest.xml:63:13-36
92        <activity
92-->src\main\AndroidManifest.xml:64:9-66:39
93            android:name="com.simats.harvesthaven.MobileActivity"
93-->src\main\AndroidManifest.xml:65:13-66
94            android:exported="true" />
94-->src\main\AndroidManifest.xml:66:13-36
95        <activity
95-->src\main\AndroidManifest.xml:67:9-69:39
96            android:name="com.simats.harvesthaven.BasicInformationActivity"
96-->src\main\AndroidManifest.xml:68:13-76
97            android:exported="true" />
97-->src\main\AndroidManifest.xml:69:13-36
98        <activity
98-->src\main\AndroidManifest.xml:70:9-72:39
99            android:name="com.simats.harvesthaven.EditProfileActivity"
99-->src\main\AndroidManifest.xml:71:13-71
100            android:exported="true" />
100-->src\main\AndroidManifest.xml:72:13-36
101        <activity
101-->src\main\AndroidManifest.xml:73:9-75:39
102            android:name="com.simats.harvesthaven.LandCalculatorActivity"
102-->src\main\AndroidManifest.xml:74:13-74
103            android:exported="true" />
103-->src\main\AndroidManifest.xml:75:13-36
104        <activity
104-->src\main\AndroidManifest.xml:76:9-78:39
105            android:name="com.simats.harvesthaven.AddLandHistoryActivity"
105-->src\main\AndroidManifest.xml:77:13-74
106            android:exported="true" />
106-->src\main\AndroidManifest.xml:78:13-36
107        <activity android:name="com.simats.harvesthaven.UploadLandPhotosActivity" />
107-->src\main\AndroidManifest.xml:79:9-62
107-->src\main\AndroidManifest.xml:79:19-59
108        <activity
108-->src\main\AndroidManifest.xml:82:9-84:39
109            android:name="com.simats.harvesthaven.UserMobileActivity"
109-->src\main\AndroidManifest.xml:83:13-70
110            android:exported="true" />
110-->src\main\AndroidManifest.xml:84:13-36
111        <activity
111-->src\main\AndroidManifest.xml:85:9-87:39
112            android:name="com.simats.harvesthaven.LandDetailsActivity"
112-->src\main\AndroidManifest.xml:86:13-71
113            android:exported="true" />
113-->src\main\AndroidManifest.xml:87:13-36
114        <activity
114-->src\main\AndroidManifest.xml:88:9-90:39
115            android:name="com.simats.harvesthaven.MyListingsActivity"
115-->src\main\AndroidManifest.xml:89:13-70
116            android:exported="true" />
116-->src\main\AndroidManifest.xml:90:13-36
117        <activity
117-->src\main\AndroidManifest.xml:91:9-93:39
118            android:name="com.simats.harvesthaven.NotificationActivity"
118-->src\main\AndroidManifest.xml:92:13-72
119            android:exported="true" />
119-->src\main\AndroidManifest.xml:93:13-36
120        <activity
120-->src\main\AndroidManifest.xml:94:9-96:39
121            android:name="com.simats.harvesthaven.WeatherReportActivity"
121-->src\main\AndroidManifest.xml:95:13-73
122            android:exported="true" />
122-->src\main\AndroidManifest.xml:96:13-36
123        <activity
123-->src\main\AndroidManifest.xml:98:9-100:39
124            android:name="com.simats.harvesthaven.UserSmartLandsActivity"
124-->src\main\AndroidManifest.xml:99:13-74
125            android:exported="true" />
125-->src\main\AndroidManifest.xml:100:13-36
126        <activity
126-->src\main\AndroidManifest.xml:101:9-103:39
127            android:name="com.simats.harvesthaven.SearchLandsActivity"
127-->src\main\AndroidManifest.xml:102:13-71
128            android:exported="true" />
128-->src\main\AndroidManifest.xml:103:13-36
129        <activity
129-->src\main\AndroidManifest.xml:104:9-106:39
130            android:name="com.simats.harvesthaven.ActivityLandListings"
130-->src\main\AndroidManifest.xml:105:13-72
131            android:exported="true" />
131-->src\main\AndroidManifest.xml:106:13-36
132        <activity
132-->src\main\AndroidManifest.xml:107:9-109:39
133            android:name="com.simats.harvesthaven.LandNext"
133-->src\main\AndroidManifest.xml:108:13-60
134            android:exported="true" />
134-->src\main\AndroidManifest.xml:109:13-36
135        <activity
135-->src\main\AndroidManifest.xml:110:9-112:39
136            android:name="com.simats.harvesthaven.WishlistActivity"
136-->src\main\AndroidManifest.xml:111:13-68
137            android:exported="true" />
137-->src\main\AndroidManifest.xml:112:13-36
138        <activity
138-->src\main\AndroidManifest.xml:113:9-115:39
139            android:name="com.simats.harvesthaven.SmartAnalysisActivity"
139-->src\main\AndroidManifest.xml:114:13-73
140            android:exported="true" />
140-->src\main\AndroidManifest.xml:115:13-36
141        <!-- Needs to be explicitly declared on P+ -->
142        <uses-library
142-->[com.google.android.gms:play-services-maps:18.2.0] AndroidManifest.xml:39:9-41:40
143            android:name="org.apache.http.legacy"
143-->[com.google.android.gms:play-services-maps:18.2.0] AndroidManifest.xml:40:13-50
144            android:required="false" />
144-->[com.google.android.gms:play-services-maps:18.2.0] AndroidManifest.xml:41:13-37
145
146        <activity
146-->[com.google.android.gms:play-services-base:18.1.0] AndroidManifest.xml:20:9-22:45
147            android:name="com.google.android.gms.common.api.GoogleApiActivity"
147-->[com.google.android.gms:play-services-base:18.1.0] AndroidManifest.xml:20:19-85
148            android:exported="false"
148-->[com.google.android.gms:play-services-base:18.1.0] AndroidManifest.xml:22:19-43
149            android:theme="@android:style/Theme.Translucent.NoTitleBar" />
149-->[com.google.android.gms:play-services-base:18.1.0] AndroidManifest.xml:21:19-78
150
151        <meta-data
151-->[com.google.android.gms:play-services-basement:18.1.0] AndroidManifest.xml:21:9-23:69
152            android:name="com.google.android.gms.version"
152-->[com.google.android.gms:play-services-basement:18.1.0] AndroidManifest.xml:22:13-58
153            android:value="@integer/google_play_services_version" />
153-->[com.google.android.gms:play-services-basement:18.1.0] AndroidManifest.xml:23:13-66
154
155        <provider
155-->[androidx.emoji2:emoji2:1.2.0] AndroidManifest.xml:24:9-32:20
156            android:name="androidx.startup.InitializationProvider"
156-->[androidx.emoji2:emoji2:1.2.0] AndroidManifest.xml:25:13-67
157            android:authorities="com.simats.harvesthaven.androidx-startup"
157-->[androidx.emoji2:emoji2:1.2.0] AndroidManifest.xml:26:13-68
158            android:exported="false" >
158-->[androidx.emoji2:emoji2:1.2.0] AndroidManifest.xml:27:13-37
159            <meta-data
159-->[androidx.emoji2:emoji2:1.2.0] AndroidManifest.xml:29:13-31:52
160                android:name="androidx.emoji2.text.EmojiCompatInitializer"
160-->[androidx.emoji2:emoji2:1.2.0] AndroidManifest.xml:30:17-75
161                android:value="androidx.startup" />
161-->[androidx.emoji2:emoji2:1.2.0] AndroidManifest.xml:31:17-49
162            <meta-data
162-->[androidx.lifecycle:lifecycle-process:2.4.1] AndroidManifest.xml:31:13-33:52
163                android:name="androidx.lifecycle.ProcessLifecycleInitializer"
163-->[androidx.lifecycle:lifecycle-process:2.4.1] AndroidManifest.xml:32:17-78
164                android:value="androidx.startup" />
164-->[androidx.lifecycle:lifecycle-process:2.4.1] AndroidManifest.xml:33:17-49
165        </provider>
166    </application>
167
168</manifest>